2015/01/16 17:53:35 INFO  - jmeter.util.JMeterUtils: Setting Locale to en_IN 
2015/01/16 17:53:35 INFO  - jmeter.JMeter: Loading user properties from: C:\apache-jmeter-2.11\bin\user.properties 
2015/01/16 17:53:35 INFO  - jmeter.JMeter: Loading system properties from: C:\apache-jmeter-2.11\bin\system.properties 
2015/01/16 17:53:35 INFO  - jmeter.JMeter: Copyright (c) 1998-2014 The Apache Software Foundation 
2015/01/16 17:53:35 INFO  - jmeter.JMeter: Version 2.11 r1554548 
2015/01/16 17:53:35 INFO  - jmeter.JMeter: java.version=1.7.0_71 
2015/01/16 17:53:35 INFO  - jmeter.JMeter: java.vm.name=Java HotSpot(TM) 64-Bit Server VM 
2015/01/16 17:53:35 INFO  - jmeter.JMeter: os.name=Windows 7 
2015/01/16 17:53:35 INFO  - jmeter.JMeter: os.arch=amd64 
2015/01/16 17:53:35 INFO  - jmeter.JMeter: os.version=6.1 
2015/01/16 17:53:35 INFO  - jmeter.JMeter: file.encoding=Cp1252 
2015/01/16 17:53:35 INFO  - jmeter.JMeter: Default Locale=English (India) 
2015/01/16 17:53:35 INFO  - jmeter.JMeter: JMeter  Locale=English (India) 
2015/01/16 17:53:35 INFO  - jmeter.JMeter: JMeterHome=C:\apache-jmeter-2.11 
2015/01/16 17:53:35 INFO  - jmeter.JMeter: user.dir  =C:\apache-jmeter-2.11\bin 
2015/01/16 17:53:35 INFO  - jmeter.JMeter: PWD       =C:\apache-jmeter-2.11\bin 
2015/01/16 17:53:35 INFO  - jmeter.JMeter: IP: 192.168.1.132 Name: IGM-LP-026 FullName: IGM-LP-026 
2015/01/16 17:53:35 INFO  - jmeter.JMeter: Loaded icon properties from org/apache/jmeter/images/icon.properties 
2015/01/16 17:53:38 INFO  - jmeter.engine.util.CompoundVariable: Note: Function class names must contain the string: '.functions.' 
2015/01/16 17:53:38 INFO  - jmeter.engine.util.CompoundVariable: Note: Function class names must not contain the string: '.gui.' 
2015/01/16 17:53:38 INFO  - jmeter.gui.action.LookAndFeelCommand: Using look and feel: javax.swing.plaf.metal.MetalLookAndFeel [Metal, CrossPlatform] 
2015/01/16 17:53:39 INFO  - jmeter.util.BSFTestElement: Registering JMeter version of JavaScript engine as work-round for BSF-22 
2015/01/16 17:53:39 INFO  - jmeter.protocol.http.sampler.HTTPSamplerBase: Cannot find .className property for htmlParser, using default 
2015/01/16 17:53:39 INFO  - jmeter.protocol.http.sampler.HTTPSamplerBase: Parser for text/html is  
2015/01/16 17:53:39 INFO  - jmeter.protocol.http.sampler.HTTPSamplerBase: Parser for application/xhtml+xml is  
2015/01/16 17:53:39 INFO  - jmeter.protocol.http.sampler.HTTPSamplerBase: Parser for application/xml is  
2015/01/16 17:53:39 INFO  - jmeter.protocol.http.sampler.HTTPSamplerBase: Parser for text/xml is  
2015/01/16 17:53:39 INFO  - jmeter.protocol.http.sampler.HTTPSamplerBase: Parser for text/vnd.wap.wml is org.apache.jmeter.protocol.http.parser.RegexpHTMLParser 
2015/01/16 17:53:39 INFO  - jmeter.gui.util.MenuFactory: Skipping org.apache.jmeter.protocol.http.control.gui.WebServiceSamplerGui 
2015/01/16 17:53:39 INFO  - jmeter.gui.util.MenuFactory: Skipping org.apache.jmeter.protocol.http.modifier.gui.ParamModifierGui 
2015/01/16 17:53:40 INFO  - jorphan.exec.KeyToolUtils: keytool found at 'C:\Program Files\Java\jre7\bin\keytool' 
2015/01/16 17:53:40 INFO  - jmeter.protocol.http.proxy.ProxyControl: HTTP(S) Test Script Recorder SSL Proxy will use keys that support embedded 3rd party resources in file C:\apache-jmeter-2.11\bin\proxyserver.jks 
2015/01/16 17:53:41 INFO  - jmeter.samplers.SampleResult: Note: Sample TimeStamps are START times 
2015/01/16 17:53:41 INFO  - jmeter.samplers.SampleResult: sampleresult.default.encoding is set to UTF-8 
2015/01/16 17:53:41 INFO  - jmeter.samplers.SampleResult: sampleresult.useNanoTime=true 
2015/01/16 17:53:41 INFO  - jmeter.samplers.SampleResult: sampleresult.nanoThreadSleep=5000 
2015/01/16 17:53:54 INFO  - jmeter.services.FileServer: Default base='C:\apache-jmeter-2.11\bin' 
2015/01/16 17:53:54 INFO  - jmeter.gui.action.Load: Loading file: C:\apache-jmeter-2.11\bin\JMeterScript\FarmerRegistration.jmx 
2015/01/16 17:53:54 INFO  - jmeter.services.FileServer: Set new base='C:\apache-jmeter-2.11\bin\JMeterScript' 
2015/01/16 17:53:55 INFO  - jmeter.save.SaveService: Testplan (JMX) version: 2.2. Testlog (JTL) version: 2.2 
2015/01/16 17:53:55 INFO  - jmeter.save.SaveService: Using SaveService properties file encoding UTF-8 
2015/01/16 17:53:55 INFO  - jmeter.save.SaveService: Using SaveService properties version 2.6 
2015/01/16 17:53:55 INFO  - jmeter.save.SaveService: Using SaveService properties file version 1554411 
2015/01/16 17:53:55 INFO  - jmeter.save.SaveService: All converter versions present and correct 
2015/01/16 17:53:56 INFO  - jmeter.services.FileServer: Set new base='C:\apache-jmeter-2.11\bin\JMeterScript' 
